0:0:0:0:0:0:0:1|-|-|[29/Jul/2023:15:24:05 +0800]|"GET //bruceDemo/account/1 HTTP/1.1"|404|143|0.093| -
0:0:0:0:0:0:0:1|-|-|[29/Jul/2023:15:24:09 +0800]|"GET /bruceDemo/account/1 HTTP/1.1"|404|142|0.011| -
0:0:0:0:0:0:0:1|-|-|[29/Jul/2023:15:24:21 +0800]|"GET /bruceDemo/account/getInfo/1 HTTP/1.1"|500|10245|0.430| -
0:0:0:0:0:0:0:1|-|-|[29/Jul/2023:15:25:30 +0800]|"GET /bruceDemo/account/getInfo/1 HTTP/1.1"|500|5266|0.439| -
0:0:0:0:0:0:0:1|-|-|[29/Jul/2023:15:56:16 +0800]|"GET /bruceDemo/account/getInfo/1 HTTP/1.1"|500|5291|0.460| -
0:0:0:0:0:0:0:1|-|-|[29/Jul/2023:15:56:51 +0800]|"GET /bruceDemo/account/getInfo/1 HTTP/1.1"|500|5291|0.455| -
0:0:0:0:0:0:0:1|-|-|[29/Jul/2023:17:13:29 +0800]|"GET /bruceDemo/account/getInfo/1 HTTP/1.1"|500|5303|0.372| -
0:0:0:0:0:0:0:1|-|-|[29/Jul/2023:17:16:21 +0800]|"GET /bruceDemo/account/getInfo/1 HTTP/1.1"|500|5303|0.323| -
0:0:0:0:0:0:0:1|-|-|[29/Jul/2023:17:49:35 +0800]|"GET /bruceDemo/account/getInfo/1 HTTP/1.1"|500|5303|0.341| -
0:0:0:0:0:0:0:1|-|-|[29/Jul/2023:18:04:39 +0800]|"GET /bruceDemo/account/getInfo/1 HTTP/1.1"|500|5303|0.366| -
0:0:0:0:0:0:0:1|-|-|[29/Jul/2023:18:07:19 +0800]|"GET /bruceDemo/account/list HTTP/1.1"|200|154|0.078| -
0:0:0:0:0:0:0:1|-|-|[29/Jul/2023:18:07:56 +0800]|"GET /bruceDemo/account/page HTTP/1.1"|200|236|0.086| -
0:0:0:0:0:0:0:1|-|-|[29/Jul/2023:18:08:07 +0800]|"GET /bruceDemo/account/list HTTP/1.1"|200|154|0.017| -
0:0:0:0:0:0:0:1|-|-|[29/Jul/2023:18:08:20 +0800]|"GET /bruceDemo/account/list HTTP/1.1"|200|154|0.025| -
0:0:0:0:0:0:0:1|-|-|[29/Jul/2023:18:08:24 +0800]|"GET /bruceDemo/account/getInfo/1 HTTP/1.1"|500|5303|0.030| -
0:0:0:0:0:0:0:1|-|-|[29/Jul/2023:18:08:25 +0800]|"GET /bruceDemo/account/getInfo/1 HTTP/1.1"|500|5303|0.032| -
0:0:0:0:0:0:0:1|-|-|[29/Jul/2023:18:10:13 +0800]|"GET /bruceDemo/account/list HTTP/1.1"|200|154|0.026| -
0:0:0:0:0:0:0:1|-|-|[29/Jul/2023:18:11:27 +0800]|"GET /bruceDemo/account/list HTTP/1.1"|200|154|0.320| -
0:0:0:0:0:0:0:1|-|-|[29/Jul/2023:18:11:30 +0800]|"GET /bruceDemo/account/getInfo/1 HTTP/1.1"|500|5303|0.091| -
0:0:0:0:0:0:0:1|-|-|[29/Jul/2023:18:12:16 +0800]|"DELETE /bruceDemo/account/remove/3 HTTP/1.1"|200|15|0.034| -
0:0:0:0:0:0:0:1|-|-|[29/Jul/2023:18:12:18 +0800]|"DELETE /bruceDemo/account/remove/3 HTTP/1.1"|200|15|0.011| -
0:0:0:0:0:0:0:1|-|-|[29/Jul/2023:18:12:19 +0800]|"DELETE /bruceDemo/account/remove/3 HTTP/1.1"|200|15|0.011| -
0:0:0:0:0:0:0:1|-|-|[29/Jul/2023:18:12:23 +0800]|"DELETE /bruceDemo/account/remove/34 HTTP/1.1"|200|15|0.019| -
0:0:0:0:0:0:0:1|-|-|[29/Jul/2023:18:12:24 +0800]|"DELETE /bruceDemo/account/remove/34 HTTP/1.1"|200|15|0.008| -
0:0:0:0:0:0:0:1|-|-|[29/Jul/2023:18:12:29 +0800]|"GET /bruceDemo/account/getInfo/1 HTTP/1.1"|500|5303|0.029| -
0:0:0:0:0:0:0:1|-|-|[29/Jul/2023:18:12:30 +0800]|"GET /bruceDemo/account/getInfo/1 HTTP/1.1"|500|5303|0.018| -
0:0:0:0:0:0:0:1|-|-|[29/Jul/2023:18:13:49 +0800]|"GET /bruceDemo/account/getInfo/1 HTTP/1.1"|500|5303|0.343| -
0:0:0:0:0:0:0:1|-|-|[29/Jul/2023:18:15:27 +0800]|"GET /bruceDemo/account/getInfo/1 HTTP/1.1"|500|5303|0.388| -
0:0:0:0:0:0:0:1|-|-|[29/Jul/2023:18:16:28 +0800]|"GET /bruceDemo/account/getInfo/1 HTTP/1.1"|500|5303|0.400| -
0:0:0:0:0:0:0:1|-|-|[29/Jul/2023:18:17:13 +0800]|"GET /bruceDemo/account/getInfo/1 HTTP/1.1"|200|-|0.400| -
0:0:0:0:0:0:0:1|-|-|[29/Jul/2023:18:18:26 +0800]|"GET /bruceDemo/account/getInfo/1 HTTP/1.1"|500|5303|0.346| -
0:0:0:0:0:0:0:1|-|-|[29/Jul/2023:19:05:46 +0800]|"GET /bruceDemo/account/list HTTP/1.1"|200|154|0.073| -
0:0:0:0:0:0:0:1|-|-|[29/Jul/2023:19:05:54 +0800]|"GET /bruceDemo/account/getInfo/1 HTTP/1.1"|500|5303|0.034| -
0:0:0:0:0:0:0:1|-|-|[29/Jul/2023:19:07:36 +0800]|"GET /bruceDemo/account/getInfo/1 HTTP/1.1"|200|-|0.376| -
0:0:0:0:0:0:0:1|-|-|[29/Jul/2023:19:08:01 +0800]|"GET /bruceDemo/account/getInfo/1 HTTP/1.1"|200|65|0.382| -
